2026-04-21 23:15:22,411 - mlops_audit - INFO - Event: model_upload | Model: iris_classifier | Version: 20260421_231522 | Status: success
2026-04-21 23:18:12,980 - mlops_audit - INFO - Event: model_upload | Model: iris_classifier | Version: 20260421_231812 | Status: success
2026-04-21 23:18:13,025 - mlops_audit - INFO - Event: model_upload | Model: breast_cancer_xgb | Version: 20260421_231813 | Status: success
2026-04-21 23:18:13,067 - mlops_audit - INFO - Event: model_upload | Model: wine_lgb | Version: 20260421_231813 | Status: success
2026-04-21 23:18:13,094 - mlops_audit - INFO - Event: model_upload | Model: iris_svc | Version: 20260421_231813 | Status: success
2026-04-21 23:20:23,722 - mlops_audit - INFO - Event: model_upload | Model: iris_classifier | Version: 20260421_232023 | Status: success
2026-04-21 23:20:23,764 - mlops_audit - INFO - Event: model_upload | Model: breast_cancer_xgb | Version: 20260421_232023 | Status: success
2026-04-21 23:20:23,805 - mlops_audit - INFO - Event: model_upload | Model: wine_lgb | Version: 20260421_232023 | Status: success
2026-04-21 23:20:23,829 - mlops_audit - INFO - Event: model_upload | Model: iris_svc | Version: 20260421_232023 | Status: success
2026-04-21 23:25:53,170 - mlops_audit - INFO - Event: model_upload | Model: iris_classifier | Version: 20260421_232552 | Status: success
2026-04-21 23:25:53,206 - mlops_audit - INFO - Event: model_upload | Model: breast_cancer_xgb | Version: 20260421_232553 | Status: success
2026-04-21 23:25:53,252 - mlops_audit - INFO - Event: model_upload | Model: wine_lgb | Version: 20260421_232553 | Status: success
2026-04-21 23:25:53,278 - mlops_audit - INFO - Event: model_upload | Model: iris_svc | Version: 20260421_232553 | Status: success
2026-04-21 23:26:59,485 - mlops_audit - INFO - Event: model_upload | Model: iris_classifier | Version: 20260421_232659 | Status: success
2026-04-21 23:26:59,525 - mlops_audit - INFO - Event: model_upload | Model: breast_cancer_xgb | Version: 20260421_232659 | Status: success
2026-04-21 23:26:59,573 - mlops_audit - INFO - Event: model_upload | Model: wine_lgb | Version: 20260421_232659 | Status: success
2026-04-21 23:26:59,601 - mlops_audit - INFO - Event: model_upload | Model: iris_svc | Version: 20260421_232659 | Status: success
2026-04-21 23:29:54,551 - mlops_audit - INFO - Event: model_upload | Model: iris_classifier | Version: 20260421_232954 | Status: success
2026-04-21 23:29:54,605 - mlops_audit - INFO - Event: model_upload | Model: breast_cancer_xgb | Version: 20260421_232954 | Status: success
2026-04-21 23:29:54,647 - mlops_audit - INFO - Event: model_upload | Model: wine_lgb | Version: 20260421_232954 | Status: success
2026-04-21 23:29:54,674 - mlops_audit - INFO - Event: model_upload | Model: iris_svc | Version: 20260421_232954 | Status: success
2026-04-21 23:31:10,677 - mlops_audit - INFO - Event: model_upload | Model: iris_classifier | Version: 20260421_233110 | Status: success
2026-04-21 23:31:10,714 - mlops_audit - INFO - Event: model_upload | Model: breast_cancer_xgb | Version: 20260421_233110 | Status: success
2026-04-21 23:31:10,753 - mlops_audit - INFO - Event: model_upload | Model: wine_lgb | Version: 20260421_233110 | Status: success
2026-04-21 23:31:10,778 - mlops_audit - INFO - Event: model_upload | Model: iris_svc | Version: 20260421_233110 | Status: success
2026-04-21 23:32:30,762 - mlops_audit - INFO - Event: model_upload | Model: iris_classifier | Version: 20260421_233230 | Status: success
2026-04-21 23:32:30,814 - mlops_audit - INFO - Event: model_upload | Model: breast_cancer_xgb | Version: 20260421_233230 | Status: success
2026-04-21 23:32:30,857 - mlops_audit - INFO - Event: model_upload | Model: wine_lgb | Version: 20260421_233230 | Status: success
2026-04-21 23:32:30,897 - mlops_audit - INFO - Event: model_upload | Model: iris_svc | Version: 20260421_233230 | Status: success
2026-04-21 23:34:04,062 - mlops_audit - INFO - Event: model_upload | Model: quick_test_model | Version: 20260421_233403 | Status: success
2026-04-21 23:40:26,246 - mlops_audit - INFO - Event: model_upload | Model: demo_pickle_rf | Version: 20260421_234026 | Status: success
2026-04-21 23:40:26,288 - mlops_audit - INFO - Event: model_upload | Model: demo_joblib_svm | Version: 20260421_234026 | Status: success
2026-04-21 23:40:29,452 - mlops_audit - INFO - Event: model_upload | Model: demo_lightgbm_wine | Version: 20260421_234029 | Status: success
2026-04-21 23:41:10,216 - mlops_audit - INFO - Event: model_upload | Model: test_rf | Version: 20260421_234110 | Status: success
2026-04-21 23:45:37,771 - mlops_audit - INFO - Event: model_upload | Model: demo_pickle_rf | Version: 20260421_234537 | Status: success
2026-04-21 23:45:37,864 - mlops_audit - INFO - Event: model_upload | Model: demo_joblib_svm | Version: 20260421_234537 | Status: success
2026-04-21 23:45:40,719 - mlops_audit - INFO - Event: model_upload | Model: demo_lightgbm_wine | Version: 20260421_234540 | Status: success
2026-04-21 23:46:18,603 - mlops_audit - INFO - Event: model_upload | Model: test_disk | Version: 20260421_234618 | Status: success
2026-04-21 23:49:49,990 - mlops_audit - INFO - Event: model_upload | Model: demo_pickle_rf | Version: 20260421_234949 | Status: success
2026-04-21 23:49:50,058 - mlops_audit - INFO - Event: model_upload | Model: demo_joblib_svm | Version: 20260421_234950 | Status: success
2026-04-21 23:49:51,931 - mlops_audit - INFO - Event: model_upload | Model: demo_lightgbm_wine | Version: 20260421_234951 | Status: success
2026-04-21 23:51:08,149 - mlops_audit - INFO - Event: model_upload | Model: demo_pickle_rf | Version: 20260421_235107 | Status: success
2026-04-21 23:51:08,197 - mlops_audit - INFO - Event: model_upload | Model: demo_joblib_svm | Version: 20260421_235108 | Status: success
2026-04-21 23:51:08,312 - mlops_audit - INFO - Event: model_upload | Model: demo_xgboost_cancer | Version: 20260421_235108 | Status: success
2026-04-21 23:51:10,105 - mlops_audit - INFO - Event: model_upload | Model: demo_lightgbm_wine | Version: 20260421_235110 | Status: success
2026-04-21 23:52:18,993 - mlops_audit - INFO - Event: model_upload | Model: demo_pickle_rf | Version: 20260421_235218 | Status: success
2026-04-21 23:52:19,047 - mlops_audit - INFO - Event: model_upload | Model: demo_joblib_svm | Version: 20260421_235219 | Status: success
2026-04-21 23:52:19,171 - mlops_audit - INFO - Event: model_upload | Model: demo_xgboost_cancer | Version: 20260421_235219 | Status: success
2026-04-21 23:52:20,929 - mlops_audit - INFO - Event: model_upload | Model: demo_lightgbm_wine | Version: 20260421_235220 | Status: success
2026-04-21 23:53:23,563 - mlops_audit - INFO - Event: model_upload | Model: demo_pickle_rf | Version: 20260421_235323 | Status: success
2026-04-21 23:53:23,610 - mlops_audit - INFO - Event: model_upload | Model: demo_joblib_svm | Version: 20260421_235323 | Status: success
2026-04-21 23:53:23,719 - mlops_audit - INFO - Event: model_upload | Model: demo_xgboost_cancer | Version: 20260421_235323 | Status: success
2026-04-21 23:53:25,414 - mlops_audit - INFO - Event: model_upload | Model: demo_lightgbm_wine | Version: 20260421_235325 | Status: success
2026-04-21 23:56:44,063 - mlops_audit - INFO - Event: model_upload | Model: demo_pickle_rf | Version: 20260421_235643 | Status: success
2026-04-21 23:56:44,108 - mlops_audit - INFO - Event: model_upload | Model: demo_joblib_svm | Version: 20260421_235644 | Status: success
2026-04-21 23:56:44,248 - mlops_audit - INFO - Event: model_upload | Model: demo_xgboost_cancer | Version: 20260421_235644 | Status: success
2026-04-21 23:56:46,121 - mlops_audit - INFO - Event: model_upload | Model: demo_lightgbm_wine | Version: 20260421_235646 | Status: success
2026-04-21 23:56:57,946 - mlops_audit - INFO - Event: model_upload | Model: demo_sklearn_gbt | Version: 20260421_235657 | Status: success
2026-04-21 23:56:58,006 - mlops_audit - INFO - Event: model_upload | Model: demo_regression_pipeline | Version: 20260421_235658 | Status: success
2026-04-21 23:56:58,098 - mlops_audit - INFO - Event: model_upload | Model: demo_xgb_regressor | Version: 20260421_235658 | Status: success
2026-04-21 23:57:10,102 - mlops_audit - INFO - Event: model_upload | Model: demo_lightgbm_regressor | Version: 20260421_235710 | Status: success
2026-04-21 23:58:02,966 - mlops_audit - INFO - Event: model_upload | Model: demo_pickle_rf | Version: 20260421_235802 | Status: success
2026-04-21 23:58:03,032 - mlops_audit - INFO - Event: model_upload | Model: demo_joblib_svm | Version: 20260421_235803 | Status: success
2026-04-21 23:58:03,159 - mlops_audit - INFO - Event: model_upload | Model: demo_xgboost_cancer | Version: 20260421_235803 | Status: success
2026-04-21 23:58:05,008 - mlops_audit - INFO - Event: model_upload | Model: demo_lightgbm_wine | Version: 20260421_235804 | Status: success
2026-04-22 00:00:44,675 - mlops_audit - INFO - Event: model_upload | Model: demo_pickle_rf | Version: 20260422_000044 | Status: success
2026-04-22 00:00:44,733 - mlops_audit - INFO - Event: model_upload | Model: demo_joblib_svm | Version: 20260422_000044 | Status: success
2026-04-22 00:00:44,855 - mlops_audit - INFO - Event: model_upload | Model: demo_xgboost_cancer | Version: 20260422_000044 | Status: success
2026-04-22 00:00:46,683 - mlops_audit - INFO - Event: model_upload | Model: demo_lightgbm_wine | Version: 20260422_000046 | Status: success
2026-04-22 00:05:00,566 - mlops_audit - INFO - Event: model_upload | Model: demo_pickle_rf | Version: 20260422_000500 | Status: success
2026-04-22 00:05:00,663 - mlops_audit - INFO - Event: model_upload | Model: demo_joblib_svm | Version: 20260422_000500 | Status: success
2026-04-22 00:05:01,177 - mlops_audit - INFO - Event: model_upload | Model: demo_xgboost_cancer | Version: 20260422_000501 | Status: success
2026-04-22 00:05:03,946 - mlops_audit - INFO - Event: model_upload | Model: demo_lightgbm_wine | Version: 20260422_000503 | Status: success
2026-04-22 00:10:15,932 - mlops_audit - INFO - Event: model_upload | Model: demo_pickle_rf | Version: 20260422_001015 | Status: success
2026-04-22 00:10:15,986 - mlops_audit - INFO - Event: model_upload | Model: demo_joblib_svm | Version: 20260422_001015 | Status: success
2026-04-22 00:10:16,145 - mlops_audit - INFO - Event: model_upload | Model: demo_xgboost_cancer | Version: 20260422_001016 | Status: success
2026-04-22 00:10:18,659 - mlops_audit - INFO - Event: model_upload | Model: demo_lightgbm_wine | Version: 20260422_001018 | Status: success
2026-04-22 00:10:18,824 - mlops_audit - INFO - Event: model_upload | Model: demo_onnx_logreg | Version: 20260422_001018 | Status: success
2026-04-22 00:10:19,209 - mlops_audit - INFO - Event: model_upload | Model: demo_sklearn_gbt | Version: 20260422_001019 | Status: success
2026-04-22 00:10:19,262 - mlops_audit - INFO - Event: model_upload | Model: demo_regression_pipeline | Version: 20260422_001019 | Status: success
2026-04-22 00:10:19,364 - mlops_audit - INFO - Event: model_upload | Model: demo_xgb_regressor | Version: 20260422_001019 | Status: success
2026-04-22 00:10:19,690 - mlops_audit - INFO - Event: model_upload | Model: demo_onnx_mlp | Version: 20260422_001019 | Status: success
2026-04-22 00:10:19,767 - mlops_audit - INFO - Event: model_upload | Model: demo_lightgbm_regressor | Version: 20260422_001019 | Status: success
2026-04-22 00:28:06,596 - mlops_audit - INFO - Event: model_converted | Model: model-2 | Version: 20260422_002806 | Status: success
2026-04-22 00:28:06,608 - mlops_audit - INFO - Lineage: onnx -> onnx | Method: DirectCopyConverter | Model: 79ac27cf-5c51-4543-ae85-1f380ac087f9
2026-04-22 00:28:22,168 - mlops_audit - INFO - Event: model_registered | Model: model-2 | Version: 20260422_001019 | Status: success
